<?xml version="1.0" encoding="UTF-8"?>
<testng-results ignored="0" total="1" passed="1" failed="0" skipped="0">
  <reporter-output>
  </reporter-output>
  <suite started-at="2023-09-05T12:26:15 IST" name="Default suite" finished-at="2023-09-05T12:26:41 IST" duration-ms="25517">
    <groups>
    </groups>
    <test started-at="2023-09-05T12:26:15 IST" name="Default test" finished-at="2023-09-05T12:26:41 IST" duration-ms="25517">
      <class name="workingwithlist.categorylist">
        <test-method is-config="true" signature="launchbrowser()[pri:0, instance:workingwithlist.categorylist@120f102b]" started-at="2023-09-05T12:26:15 IST" name="launchbrowser" finished-at="2023-09-05T12:26:23 IST" duration-ms="7832" status="PASS">
          <reporter-output>
          </reporter-output>
        </test-method> <!-- launchbrowser -->
        <test-method signature="bestsellerlist()[pri:0, instance:workingwithlist.categorylist@120f102b]" started-at="2023-09-05T12:26:23 IST" name="bestsellerlist" finished-at="2023-09-05T12:26:41 IST" duration-ms="17661" status="PASS">
          <reporter-output>
          </reporter-output>
        </test-method> <!-- bestsellerlist -->
      </class> <!-- workingwithlist.categorylist -->
    </test> <!-- Default test -->
  </suite> <!-- Default suite -->
</testng-results>
